2025-11-24 14:32:23,988 - INFO - Starting full transformation pipeline
2025-11-24 14:32:23,988 - INFO - Cleaning Customers: 50 rows before cleaning
2025-11-24 14:32:23,991 - WARNING - Dropping 11 customers with invalid emails
2025-11-24 14:32:23,993 - INFO - 39 rows after cleaning Customers
2025-11-24 14:32:24,003 - INFO - Customers preview:
   customer_id first_name last_name  ...    phone              created_at     full_name
1          792      Sizwe    Peters  ...  Unknown 2025-11-24 12:32:11.650  Sizwe Peters
2          793      Thabo      Zulu  ...  Unknown 2025-11-24 12:32:11.650    Thabo Zulu
3          794       Kyla    Naidoo  ...  Unknown 2025-11-24 12:32:11.650   Kyla Naidoo
4          795       Mary   Khumalo  ...  Unknown 2025-11-24 12:32:11.650  Mary Khumalo
6          797       Jane   Ngwenya  ...  Unknown 2025-11-24 12:32:11.650  Jane Ngwenya

[5 rows x 7 columns]
2025-11-24 14:32:24,003 - INFO - Cleaning Products: 18 rows before cleaning
2025-11-24 14:32:24,006 - INFO - 18 rows after cleaning Products
2025-11-24 14:32:24,020 - INFO - Products preview:
   product_id          product_name  ... category                                   full_description
0         265    Samsung Galaxy A54  ...   Mobile  Samsung Galaxy A54 — Mid-range Android smartph...
1         266        iPhone 13 Mini  ...   Mobile  iPhone 13 Mini — Compact smartphone with A15 chip
2         267  Xiaomi Redmi Note 12  ...   Mobile  Xiaomi Redmi Note 12 — Budget smartphone with ...
3         268         Sony WH-CH520  ...    Audio      Sony WH-CH520 — Wireless Bluetooth headphones
4         269              JBL Go 3  ...    Audio              JBL Go 3 — Portable Bluetooth speaker

[5 rows x 8 columns]
2025-11-24 14:32:24,021 - INFO - Cleaning Orders: 300 rows before cleaning
2025-11-24 14:32:24,025 - INFO - 300 rows after cleaning Orders
2025-11-24 14:32:24,032 - INFO - Orders preview:
   order_id  customer_id                 order_date  total_amount     status
0      2660          839 2025-10-27 14:32:12.659795      33101.83  Cancelled
1      2661          811 2025-11-01 14:32:12.659822      11498.00  Cancelled
2      2662          806 2025-11-24 14:32:12.659832       7192.00       Paid
3      2663          822 2025-11-03 14:32:12.659839      10999.00  Cancelled
4      2664          792 2025-11-21 14:32:12.659845        799.00  Cancelled
2025-11-24 14:32:24,032 - INFO - Cleaning OrderItems: 931 rows before cleaning
2025-11-24 14:32:24,037 - INFO - 931 rows after cleaning OrderItems
2025-11-24 14:32:24,046 - INFO - OrderItems preview:
   order_item_id  order_id  product_id  quantity     price  line_total
0           1820      2660         280         2    299.00      598.00
1           1821      2660         275         3    899.00     2697.00
2           1822      2660         265         3   7436.61    22309.83
3           1823      2660         278         3   2499.00     7497.00
4           1824      2661         266         1  10999.00    10999.00
2025-11-24 14:32:24,046 - INFO - Transformation pipeline completed
